<?xml version="1.0" encoding="UTF-8"?>
<!-- Generated by org.testng.reporters.JUnitReportReporter -->
<testsuite skipped="0" hostname="DESKTOP-T81UTAF" name="testNGpack.class3" tests="1" failures="0" timestamp="2022-08-24T20:53:09 IST" time="104.913" errors="0">
  <testcase name="lounchgoogle1" time="104.913" classname="testNGpack.class3"/>
  <system-out/>
</testsuite> <!-- testNGpack.class3 -->
