<?xml version="1.0" encoding="UTF-8"?>
<!-- Generated by org.testng.reporters.JUnitReportReporter -->
<testsuite skipped="0" hostname="DESKTOP-T81UTAF" name="testNGpack.Testng1" tests="9" failures="0" timestamp="2022-08-24T20:48:12 IST" time="0.057" errors="0">
  <testcase name="v" time="0.000" classname="testNGpack.Testng1"/>
  <system-out>
    <![CDATA[v methode]]>
  </system-out>
  <testcase name="g" time="0.005" classname="testNGpack.Testng1"/>
  <system-out>
    <![CDATA[g methode]]>
  </system-out>
  <testcase name="k" time="0.004" classname="testNGpack.Testng1"/>
  <system-out>
    <![CDATA[k methode]]>
  </system-out>
  <testcase name="a" time="0.024" classname="testNGpack.Testng1"/>
  <system-out>
    <![CDATA[a methode]]>
  </system-out>
  <testcase name="e" time="0.003" classname="testNGpack.Testng1"/>
  <system-out>
    <![CDATA[e methode]]>
  </system-out>
  <testcase name="z" time="0.000" classname="testNGpack.Testng1"/>
  <system-out>
    <![CDATA[z methode]]>
  </system-out>
  <testcase name="s" time="0.005" classname="testNGpack.Testng1"/>
  <system-out>
    <![CDATA[s methode]]>
  </system-out>
  <testcase name="f" time="0.005" classname="testNGpack.Testng1"/>
  <system-out>
    <![CDATA[f methode]]>
  </system-out>
  <testcase name="x" time="0.011" classname="testNGpack.Testng1"/>
  <system-out>
    <![CDATA[x methode]]>
  </system-out>
</testsuite> <!-- testNGpack.Testng1 -->
