<?xml version="1.0" encoding="UTF-8"?>
<!-- Generated by org.testng.reporters.JUnitReportReporter -->
<testsuite skipped="0" hostname="DESKTOP-T81UTAF" name="testNGpack.Srk" tests="1" failures="0" timestamp="2022-08-18T00:25:25 IST" time="0.099" errors="0">
  <testcase name="f" time="0.099" classname="testNGpack.Srk"/>
  <system-out>
    <![CDATA[srk]]>
  </system-out>
</testsuite> <!-- testNGpack.Srk -->
