<?xml version="1.0" encoding="UTF-8"?>
<!-- Generated by org.testng.reporters.JUnitReportReporter -->
<testsuite skipped="0" hostname="DESKTOP-T81UTAF" name="testNGpack.Remo" tests="1" failures="0" timestamp="2022-08-24T20:48:12 IST" time="0.000" errors="0">
  <testcase name="methode3" time="0.000" classname="testNGpack.Remo"/>
  <system-out>
    <![CDATA[methode]]>
  </system-out>
</testsuite> <!-- testNGpack.Remo -->
