<?xml version="1.0" encoding="UTF-8"?>
<!-- Generated by org.testng.reporters.JUnitReportReporter -->
<testsuite skipped="0" hostname="DESKTOP-T81UTAF" name="testNGpack.Flag1" tests="2" failures="0" timestamp="2022-08-24T20:48:12 IST" time="0.011" errors="0">
  <testcase name="validActiTimeTest" time="0.006" classname="testNGpack.Flag1"/>
  <system-out>
    <![CDATA[valid login is performed]]>
  </system-out>
  <testcase name="invalidActiTimeTest" time="0.005" classname="testNGpack.Flag1"/>
  <system-out>
    <![CDATA[valid login is performd]]>
  </system-out>
</testsuite> <!-- testNGpack.Flag1 -->
