<?xml version="1.0" encoding="UTF-8"?>
<!-- Generated by org.testng.reporters.JUnitReportReporter -->
<testsuite skipped="0" hostname="DESKTOP-T81UTAF" name="PracticeXMl.p1" tests="2" failures="0" timestamp="2022-08-23T22:54:08 IST" time="0.002" errors="0">
  <testcase name="loginActitime" time="0.001" classname="PracticeXMl.p1"/>
  <system-out>
    <![CDATA[Test annotation exicuted]]>
  </system-out>
  <testcase name="actiTimelogout" time="0.001" classname="PracticeXMl.p1"/>
  <system-out>
    <![CDATA[@test annotation exicuted]]>
  </system-out>
</testsuite> <!-- PracticeXMl.p1 -->
