<?xml version="1.0" encoding="UTF-8"?>
<!-- Generated by org.testng.reporters.JUnitReportReporter -->
<testsuite skipped="1" hostname="DESKTOP-T81UTAF" name="testNGpack.Flag2" tests="3" failures="0" timestamp="2022-08-24T20:48:12 IST" time="0.016" errors="0">
  <testcase name="methode2" time="0.016" classname="testNGpack.Flag2"/>
  <system-out>
    <![CDATA[Actitime Create reporter]]>
  </system-out>
  <testcase name="method2" time="0.000" classname="testNGpack.Flag2"/>
  <system-out>
    <![CDATA[Actitime create User]]>
  </system-out>
  <testcase name="methode1" classname="testNGpack.Flag2">
    <skipped/>
  </testcase> <!-- methode1 -->
  <system-out/>
</testsuite> <!-- testNGpack.Flag2 -->
