<?xml version="1.0" encoding="UTF-8"?>
<!-- Generated by org.testng.reporters.JUnitReportReporter -->
<testsuite skipped="0" hostname="DESKTOP-T81UTAF" name="testNGpack.Flag3" tests="11" failures="0" timestamp="2022-08-24T20:48:12 IST" time="0.029" errors="0">
  <testcase name="d" time="0.025" classname="testNGpack.Flag3"/>
  <system-out>
    <![CDATA[ d methode]]>
  </system-out>
  <testcase name="u" time="0.000" classname="testNGpack.Flag3"/>
  <system-out>
    <![CDATA[u methode]]>
  </system-out>
  <testcase name="z" time="0.000" classname="testNGpack.Flag3"/>
  <system-out>
    <![CDATA[z methode]]>
  </system-out>
  <testcase name="s" time="0.000" classname="testNGpack.Flag3"/>
  <system-out>
    <![CDATA[s methode]]>
  </system-out>
  <testcase name="f" time="0.003" classname="testNGpack.Flag3"/>
  <system-out/>
  <testcase name="e" time="0.001" classname="testNGpack.Flag3"/>
  <system-out>
    <![CDATA[methode]]>
  </system-out>
  <testcase name="a" time="0.000" classname="testNGpack.Flag3"/>
  <system-out>
    <![CDATA[a methode]]>
  </system-out>
  <testcase name="c" time="0.000" classname="testNGpack.Flag3"/>
  <system-out>
    <![CDATA[c methode]]>
  </system-out>
  <testcase name="b" time="0.000" classname="testNGpack.Flag3"/>
  <system-out>
    <![CDATA[b methode]]>
  </system-out>
  <testcase name="v" time="0.000" classname="testNGpack.Flag3"/>
  <system-out>
    <![CDATA[v methode]]>
  </system-out>
  <testcase name="x" time="0.000" classname="testNGpack.Flag3"/>
  <system-out>
    <![CDATA[x methode]]>
  </system-out>
</testsuite> <!-- testNGpack.Flag3 -->
