<?xml version="1.0" encoding="UTF-8"?>
<!-- Generated by org.testng.reporters.JUnitReportReporter -->
<testsuite skipped="0" hostname="DESKTOP-T81UTAF" name="testNGpack.Flage6Group" tests="18" failures="0" timestamp="2022-08-24T20:48:12 IST" time="0.079" errors="0">
  <testcase name="fT1" time="0.002" classname="testNGpack.Flage6Group"/>
  <system-out>
    <![CDATA[functional test case]]>
  </system-out>
  <testcase name="iT2" time="0.047" classname="testNGpack.Flage6Group"/>
  <system-out>
    <![CDATA[INT test case]]>
  </system-out>
  <testcase name="iT6" time="0.000" classname="testNGpack.Flage6Group"/>
  <system-out>
    <![CDATA[INT test case]]>
  </system-out>
  <testcase name="sT5" time="0.000" classname="testNGpack.Flage6Group"/>
  <system-out>
    <![CDATA[SMOKE test case]]>
  </system-out>
  <testcase name="sT6" time="0.000" classname="testNGpack.Flage6Group"/>
  <system-out>
    <![CDATA[SMOKE test case]]>
  </system-out>
  <testcase name="fT4" time="0.006" classname="testNGpack.Flage6Group"/>
  <system-out>
    <![CDATA[functional test case]]>
  </system-out>
  <testcase name="sT1" time="0.000" classname="testNGpack.Flage6Group"/>
  <system-out>
    <![CDATA[SMOKE test case]]>
  </system-out>
  <testcase name="fT2" time="0.003" classname="testNGpack.Flage6Group"/>
  <system-out>
    <![CDATA[functional test case]]>
  </system-out>
  <testcase name="sT3" time="0.000" classname="testNGpack.Flage6Group"/>
  <system-out>
    <![CDATA[SMOKE test case]]>
  </system-out>
  <testcase name="fT6" time="0.000" classname="testNGpack.Flage6Group"/>
  <system-out>
    <![CDATA[functional test case]]>
  </system-out>
  <testcase name="iT3" time="0.002" classname="testNGpack.Flage6Group"/>
  <system-out>
    <![CDATA[INT test case]]>
  </system-out>
  <testcase name="fT5" time="0.000" classname="testNGpack.Flage6Group"/>
  <system-out>
    <![CDATA[functional test case]]>
  </system-out>
  <testcase name="iT4" time="0.000" classname="testNGpack.Flage6Group"/>
  <system-out>
    <![CDATA[INT test case]]>
  </system-out>
  <testcase name="fT3" time="0.000" classname="testNGpack.Flage6Group"/>
  <system-out>
    <![CDATA[functional test case]]>
  </system-out>
  <testcase name="sT2" time="0.000" classname="testNGpack.Flage6Group"/>
  <system-out>
    <![CDATA[SMOKE test case]]>
  </system-out>
  <testcase name="iT5" time="0.000" classname="testNGpack.Flage6Group"/>
  <system-out>
    <![CDATA[INT test case]]>
  </system-out>
  <testcase name="sT4" time="0.019" classname="testNGpack.Flage6Group"/>
  <system-out>
    <![CDATA[SMOKE test case]]>
  </system-out>
  <testcase name="iT1" time="0.000" classname="testNGpack.Flage6Group"/>
  <system-out>
    <![CDATA[INT test case]]>
  </system-out>
</testsuite> <!-- testNGpack.Flage6Group -->
