<?xml version="1.0" encoding="UTF-8"?>
<!-- Generated by org.testng.reporters.JUnitReportReporter -->
<testsuite skipped="0" hostname="DESKTOP-T81UTAF" name="testNGpack.AnnotationInTestNg" tests="2" failures="0" timestamp="2022-08-26T14:14:03 IST" time="0.007" errors="0">
  <testcase name="f1" time="0.000" classname="testNGpack.AnnotationInTestNg"/>
  <system-out>
    <![CDATA[test case 2 execute]]>
  </system-out>
  <testcase name="f" time="0.007" classname="testNGpack.AnnotationInTestNg"/>
  <system-out>
    <![CDATA[test case 1 exicute]]>
  </system-out>
</testsuite> <!-- testNGpack.AnnotationInTestNg -->
