<?xml version="1.0" encoding="UTF-8"?>
<!-- Generated by org.testng.reporters.JUnitReportReporter -->
<testsuite skipped="0" hostname="DESKTOP-T81UTAF" name="testNGpack.Dmo" tests="1" failures="0" timestamp="2022-08-24T20:48:12 IST" time="0.025" errors="0">
  <testcase name="f" time="0.025" classname="testNGpack.Dmo"/>
  <system-out>
    <![CDATA[methode1]]>
  </system-out>
</testsuite> <!-- testNGpack.Dmo -->
